<?xml version="1.0" encoding="UTF-8"?>
<!-- Generated by org.testng.reporters.JUnitReportReporter -->
<testsuite hostname="DESKTOP-J3TB852" failures="0" tests="2" name="com.qa.practice.testcases.loginPageTEST" time="27.845" errors="0" timestamp="2022-09-09T12:43:01 CDT" skipped="0">
  <testcase classname="com.qa.practice.testcases.loginPageTEST" name="phpLogoTest" time="20.885"/>
  <system-out/>
  <testcase classname="com.qa.practice.testcases.loginPageTEST" name="paymentLogoTest" time="6.960"/>
  <system-out/>
</testsuite> <!-- com.qa.practice.testcases.loginPageTEST -->
